<?xml version="1.0" encoding="UTF-8"?>
<testsuite name="mbnas"
           tests="2"
           failures="0"
           errors="0"
           skipped="0"
           time="10.886">
    <properties></properties>



            <testcase
                name="verifyCancelLeave"
                time="4.718"
                classname="com.example.loginTest">
            </testcase>
            <testcase
                name="VerifyRejectLeave"
                time="6.168"
                classname="com.example.loginTest">
            </testcase>
</testsuite>
